[    0.000000] Linux version 4.15.0-212-generic (buildd@lcy02-amd64-083) (gcc version 7.5.0 (Ubuntu 7.5.0-3ubuntu1~18.04)) #223-Ubuntu SMP Tue May 23 13:09:22 UTC 2023 (Ubuntu 4.15.0-212.223-generic 4.15.18)
[    0.000000] Command line: BOOT_IMAGE=/boot/vmlinuz-4.15.0-212-generic root=LABEL=cloudimg-rootfs ro console=tty1 console=ttyS0
[    0.000000] KERNEL supported cpus:
[    0.000000]   Intel GenuineIntel
[    0.000000]   AMD AuthenticAMD
[    0.000000]   Centaur CentaurHauls
[    0.000000] x86/fpu: Supporting XSAVE feature 0x001: 'x87 floating point registers'
[    0.000000] x86/fpu: Supporting XSAVE feature 0x002: 'SSE registers'
[    0.000000] x86/fpu: Supporting XSAVE feature 0x004: 'AVX registers'
[    0.000000] x86/fpu: xstate_offset[2]:  576, xstate_sizes[2]:  256
[    0.000000] x86/fpu: Enabled xstate features 0x7, context size is 832 bytes, using 'standard' format.
[    0.000000] e820: BIOS-provided physical RAM map:
[    0.000000] BIOS-e820: [mem 0x0000000000000000-0x000000000009fbff] usable
[    0.000000] BIOS-e820: [mem 0x000000000009fc00-0x000000000009ffff] reserved
[    0.000000] BIOS-e820: [mem 0x00000000000f0000-0x00000000000fffff] reserved
[    0.000000] BIOS-e820: [mem 0x0000000000100000-0x000000001ffeffff] usable
[    0.000000] BIOS-e820: [mem 0x000000001fff0000-0x000000001fffffff] ACPI data
[    0.000000] BIOS-e820: [mem 0x00000000fec00000-0x00000000fec00fff] reserved
[    0.000000] BIOS-e820: [mem 0x00000000fee00000-0x00000000fee00fff] reserved
[    0.000000] BIOS-e820: [mem 0x00000000fffc0000-0x00000000ffffffff] reserved
[    0.000000] NX (Execute Disable) protection: active
[    0.000000] SMBIOS 2.5 present.
[    0.000000] DMI: innotek GmbH VirtualBox/VirtualBox, BIOS VirtualBox 12/01/2006
[    0.000000] Hypervisor detected: KVM
[    0.000000] e820: last_pfn = 0x1fff0 max_arch_pfn = 0x400000000
[    0.000000] MTRR: Disabled
[    0.000000] x86/PAT: MTRRs disabled, skipping PAT initialization too.
[    0.000000] CPU MTRRs all blank - virtualized system.
[    0.000000] x86/PAT: Configuration [0-7]: WB  WT  UC- UC  WB  WT  UC- UC  
[    0.000000] found SMP MP-table at [mem 0x0009fff0-0x0009ffff]
[    0.000000] Scanning 1 areas for low memory corruption
[    0.000000] RAMDISK: [mem 0x1db01000-0x1ee12fff]
[    0.000000] ACPI: Early table checksum verification disabled
[    0.000000] ACPI: RSDP 0x00000000000E0000 000024 (v02 VBOX  )
[    0.000000] ACPI: XSDT 0x000000001FFF0030 00003C (v01 VBOX   VBOXXSDT 00000001 ASL  00000061)
[    0.000000] ACPI: FACP 0x000000001FFF00F0 0000F4 (v04 VBOX   VBOXFACP 00000001 ASL  00000061)
[    0.000000] ACPI: DSDT 0x000000001FFF0470 002325 (v02 VBOX   VBOXBIOS 00000002 INTL 20100528)
[    0.000000] ACPI: FACS 0x000000001FFF0200 000040
[    0.000000] ACPI: FACS 0x000000001FFF0200 000040
[    0.000000] ACPI: APIC 0x000000001FFF0240 000054 (v02 VBOX   VBOXAPIC 00000001 ASL  00000061)
[    0.000000] ACPI: SSDT 0x000000001FFF02A0 0001CC (v01 VBOX   VBOXCPUT 00000002 INTL 20100528)
[    0.000000] ACPI: Reserving FACP table memory at [mem 0x1fff00f0-0x1fff01e3]
[    0.000000] ACPI: Reserving DSDT table memory at [mem 0x1fff0470-0x1fff2794]
[    0.000000] ACPI: Reserving FACS table memory at [mem 0x1fff0200-0x1fff023f]
[    0.000000] ACPI: Reserving FACS table memory at [mem 0x1fff0200-0x1fff023f]
[    0.000000] ACPI: Reserving APIC table memory at [mem 0x1fff0240-0x1fff0293]
[    0.000000] ACPI: Reserving SSDT table memory at [mem 0x1fff02a0-0x1fff046b]
[    0.000000] No NUMA configuration found
[    0.000000] Faking a node at [mem 0x0000000000000000-0x000000001ffeffff]
[    0.000000] NODE_DATA(0) allocated [mem 0x1ffc5000-0x1ffeffff]
[    0.000000] kvm-clock: cpu 0, msr 0:1ff44001, primary cpu clock
[    0.000000] kvm-clock: Using msrs 4b564d01 and 4b564d00
[    0.000000] kvm-clock: using sched offset of 6570998480 cycles
[    0.000000] clocksource: kvm-clock: mask: 0xffffffffffffffff max_cycles: 0x1cd42e4dffb, max_idle_ns: 881590591483 ns
[    0.000000] Zone ranges:
[    0.000000]   DMA      [mem 0x0000000000001000-0x0000000000ffffff]
[    0.000000]   DMA32    [mem 0x0000000001000000-0x000000001ffeffff]
[    0.000000]   Normal   empty
[    0.000000]   Device   empty
[    0.000000] Movable zone start for each node
[    0.000000] Early memory node ranges
[    0.000000]   node   0: [mem 0x0000000000001000-0x000000000009efff]
[    0.000000]   node   0: [mem 0x0000000000100000-0x000000001ffeffff]
[    0.000000] Reserved but unavailable: 104 pages
[    0.000000] Initmem setup node 0 [mem 0x0000000000001000-0x000000001ffeffff]
[    0.000000] ACPI: PM-Timer IO Port: 0x4008
[    0.000000] IOAPIC[0]: apic_id 1, version 32, address 0xfec00000, GSI 0-23
[    0.000000] ACPI: INT_SRC_OVR (bus 0 bus_irq 0 global_irq 2 dfl dfl)
[    0.000000] ACPI: INT_SRC_OVR (bus 0 bus_irq 9 global_irq 9 low level)
[    0.000000] Using ACPI (MADT) for SMP configuration information
[    0.000000] smpboot: Allowing 1 CPUs, 0 hotplug CPUs
[    0.000000] PM: Registered nosave memory: [mem 0x00000000-0x00000fff]
[    0.000000] PM: Registered nosave memory: [mem 0x0009f000-0x0009ffff]
[    0.000000] PM: Registered nosave memory: [mem 0x000a0000-0x000effff]
[    0.000000] PM: Registered nosave memory: [mem 0x000f0000-0x000fffff]
[    0.000000] e820: [mem 0x20000000-0xfebfffff] available for PCI devices
[    0.000000] Booting paravirtualized kernel on KVM
[    0.000000] clocksource: refined-jiffies: mask: 0xffffffff max_cycles: 0xffffffff, max_idle_ns: 7645519600211568 ns
[    0.000000] setup_percpu: NR_CPUS:8192 nr_cpumask_bits:1 nr_cpu_ids:1 nr_node_ids:1
[    0.000000] percpu: Embedded 50 pages/cpu s167936 r8192 d28672 u2097152
[    0.000000] PV qspinlock hash table entries: 256 (order: 0, 4096 bytes)
[    0.000000] Built 1 zonelists, mobility grouping on.  Total pages: 128889
[    0.000000] Policy zone: DMA32
[    0.000000] Kernel command line: BOOT_IMAGE=/boot/vmlinuz-4.15.0-212-generic root=LABEL=cloudimg-rootfs ro console=tty1 console=ttyS0
[    0.000000] Memory: 466748K/523832K available (12300K kernel code, 2477K rwdata, 4324K rodata, 2480K init, 2720K bss, 57084K reserved, 0K cma-reserved)
[    0.000000] SLUB: HWalign=64, Order=0-3, MinObjects=0, CPUs=1, Nodes=1
[    0.000000] Kernel/User page tables isolation: enabled
[    0.000000] ftrace: allocating 39508 entries in 155 pages
[    0.004000] Hierarchical RCU implementation.
[    0.004000] 	RCU restricting CPUs from NR_CPUS=8192 to nr_cpu_ids=1.
[    0.004000] 	Tasks RCU enabled.
[    0.004000] RCU: Adjusting geometry for rcu_fanout_leaf=16, nr_cpu_ids=1
[    0.004000] NR_IRQS: 524544, nr_irqs: 256, preallocated irqs: 16
[    0.004000] random: crng init done
[    0.004000] Console: colour VGA+ 80x25
[    0.004000] console [tty1] enabled
[    0.004000] console [ttyS0] enabled
[    0.004000] ACPI: Core revision 20170831
[    0.004000] ACPI: 2 ACPI AML tables successfully acquired and loaded
[    0.004000] APIC: Switch to symmetric I/O mode setup
[    0.004000] x2apic enabled
[    0.004000] Switched APIC routing to physical x2apic.
[    0.004000] ..TIMER: vector=0x30 apic1=0 pin1=2 apic2=-1 pin2=-1
[    0.004007] tsc: Detected 2400.000 MHz processor
[    0.005071] Calibrating delay loop (skipped) preset value.. 4800.00 BogoMIPS (lpj=9600000)
[    0.008007] pid_max: default: 32768 minimum: 301
[    0.009048] Security Framework initialized
[    0.010431] Yama: becoming mindful.
[    0.011722] AppArmor: AppArmor initialized
[    0.012136] Dentry cache hash table entries: 65536 (order: 7, 524288 bytes)
[    0.016087] Inode-cache hash table entries: 32768 (order: 6, 262144 bytes)
[    0.017915] Mount-cache hash table entries: 1024 (order: 1, 8192 bytes)
[    0.020011] Mountpoint-cache hash table entries: 1024 (order: 1, 8192 bytes)
[    0.021809] process: using mwait in idle threads
[    0.022829] Last level iTLB entries: 4KB 64, 2MB 8, 4MB 8
[    0.024007] Last level dTLB entries: 4KB 64, 2MB 0, 4MB 0, 1GB 4
[    0.025621] Spectre V1 : Mitigation: usercopy/swapgs barriers and __user pointer sanitization
[    0.028009] Spectre V2 : Mitigation: Retpolines
[    0.029187] Spectre V2 : Spectre v2 / SpectreRSB mitigation: Filling RSB on context switch
[    0.031305] Spectre V2 : Spectre v2 / SpectreRSB : Filling RSB on VMEXIT
[    0.032007] RETBleed: WARNING: Spectre v2 mitigation leaves CPU vulnerable to RETBleed attacks, data leaks possible!
[    0.034417] RETBleed: Vulnerable
[    0.036005] Speculative Store Bypass: Vulnerable
[    0.037126] MDS: Mitigation: Clear CPU buffers
[    0.038104] MMIO Stale Data: Mitigation: Clear CPU buffers
[    0.040006] SRBDS: Unknown: Dependent on hypervisor status
[    0.059083] Freeing SMP alternatives memory: 36K
[    0.171247] smpboot: CPU0: Intel(R) Core(TM) i5-6200U CPU @ 2.30GHz (family: 0x6, model: 0x4e, stepping: 0x3)
[    0.172000] Performance Events: unsupported p6 CPU model 78 no PMU driver, software events only.
[    0.172039] Hierarchical SRCU implementation.
[    0.174015] NMI watchdog: Perf event create on CPU 0 failed with -2
[    0.175301] NMI watchdog: Perf NMI watchdog permanently disabled
[    0.176050] smp: Bringing up secondary CPUs ...
[    0.177082] smp: Brought up 1 node, 1 CPU
[    0.177944] smpboot: Max logical packages: 1
[    0.180003] smpboot: Total of 1 processors activated (4800.00 BogoMIPS)
[    0.181603] devtmpfs: initialized
[    0.182404] x86/mm: Memory block size: 128MB
[    0.184125] evm: security.selinux
[    0.184897] evm: security.SMACK64
[    0.185648] evm: security.SMACK64EXEC
[    0.186460] evm: security.SMACK64TRANSMUTE
[    0.187404] evm: security.SMACK64MMAP
[    0.188007] evm: security.apparmor
[    0.188821] evm: security.ima
[    0.189488] evm: security.capability
[    0.190351] clocksource: jiffies: mask: 0xffffffff max_cycles: 0xffffffff, max_idle_ns: 7645041785100000 ns
[    0.192015] futex hash table entries: 256 (order: 2, 16384 bytes)
[    0.193265] pinctrl core: initialized pinctrl subsystem
[    0.194633] RTC time:  2:56:01, date: 11/11/24
[    0.196103] NET: Registered protocol family 16
[    0.197159] audit: initializing netlink subsys (disabled)
[    0.198383] cpuidle: using governor ladder
[    0.199331] cpuidle: using governor menu
[    0.200049] ACPI: bus type PCI registered
[    0.201019] acpiphp: ACPI Hot Plug PCI Controller Driver version: 0.5
[    0.202363] PCI: Using configuration type 1 for base access
[    0.203531] audit: type=2000 audit(1731293769.674:1): state=initialized audit_enabled=0 res=1
[    0.205138] HugeTLB registered 2.00 MiB page size, pre-allocated 0 pages
[    0.208149] ACPI: Added _OSI(Module Device)
[    0.208990] ACPI: Added _OSI(Processor Device)
[    0.209868] ACPI: Added _OSI(3.0 _SCP Extensions)
[    0.210933] ACPI: Added _OSI(Processor Aggregator Device)
[    0.212000] ACPI: Added _OSI(Linux-Dell-Video)
[    0.212021] ACPI: Added _OSI(Linux-Lenovo-NV-HDMI-Audio)
[    0.213762] ACPI: Added _OSI(Linux-HPI-Hybrid-Graphics)
[    0.216366] ACPI: Executed 1 blocks of module-level executable AML code
[    0.221957] ACPI: Interpreter enabled
[    0.222718] ACPI: (supports S0 S5)
[    0.223564] ACPI: Using IOAPIC for interrupt routing
[    0.224229] PCI: Using host bridge windows from ACPI; if necessary, use "pci=nocrs" and report a bug
[    0.226604] ACPI: Enabled 2 GPEs in block 00 to 07
[    0.235422] ACPI: PCI Root Bridge [PCI0] (domain 0000 [bus 00-ff])
[    0.236012] acpi PNP0A03:00: _OSC: OS supports [ASPM ClockPM Segments MSI]
[    0.238045] acpi PNP0A03:00: _OSC: not requesting OS control; OS requires [ExtendedConfig ASPM ClockPM MSI]
[    0.240017] acpi PNP0A03:00: fail to add MMCONFIG information, can't access extended PCI configuration space under this bridge.
[    0.243202] PCI host bridge to bus 0000:00
[    0.244006] pci_bus 0000:00: root bus resource [io  0x0000-0x0cf7 window]
[    0.245453] pci_bus 0000:00: root bus resource [io  0x0d00-0xffff window]
[    0.248004] pci_bus 0000:00: root bus resource [mem 0x000a0000-0x000bffff window]
[    0.249719] pci_bus 0000:00: root bus resource [mem 0x20000000-0xfdffffff window]
[    0.252004] pci_bus 0000:00: root bus resource [bus 00-ff]
[    0.255394] pci 0000:00:01.1: legacy IDE quirk: reg 0x10: [io  0x01f0-0x01f7]
[    0.256003] pci 0000:00:01.1: legacy IDE quirk: reg 0x14: [io  0x03f6]
[    0.258004] pci 0000:00:01.1: legacy IDE quirk: reg 0x18: [io  0x0170-0x0177]
[    0.260004] pci 0000:00:01.1: legacy IDE quirk: reg 0x1c: [io  0x0376]
[    0.273186] pci 0000:00:07.0: quirk: [io  0x4000-0x403f] claimed by PIIX4 ACPI
[    0.275685] pci 0000:00:07.0: quirk: [io  0x4100-0x410f] claimed by PIIX4 SMB
[    0.284595] ACPI: PCI Interrupt Link [LNKA] (IRQs 5 9 10 *11)
[    0.286731] ACPI: PCI Interrupt Link [LNKB] (IRQs 5 9 *10 11)
[    0.288105] ACPI: PCI Interrupt Link [LNKC] (IRQs 5 *9 10 11)
[    0.289902] ACPI: PCI Interrupt Link [LNKD] (IRQs 5 9 10 *11)
[    0.291588] SCSI subsystem initialized
[    0.292190] pci 0000:00:02.0: vgaarb: setting as boot VGA device
[    0.293375] pci 0000:00:02.0: vgaarb: VGA device added: decodes=io+mem,owns=io+mem,locks=none
[    0.295145] pci 0000:00:02.0: vgaarb: bridge control possible
[    0.296004] vgaarb: loaded
[    0.296621] ACPI: bus type USB registered
[    0.297578] usbcore: registered new interface driver usbfs
[    0.299261] usbcore: registered new interface driver hub
[    0.300010] usbcore: registered new device driver usb
[    0.301291] EDAC MC: Ver: 3.0.0
[    0.302420] PCI: Using ACPI for IRQ routing
[    0.304324] NetLabel: Initializing
[    0.305156] NetLabel:  domain hash size = 128
[    0.306526] NetLabel:  protocols = UNLABELED CIPSOv4 CALIPSO
[    0.308027] NetLabel:  unlabeled traffic allowed by default
[    0.309590] clocksource: Switched to clocksource kvm-clock
[    0.332475] VFS: Disk quotas dquot_6.6.0
[    0.333641] VFS: Dquot-cache hash table entries: 512 (order 0, 4096 bytes)
[    0.335857] AppArmor: AppArmor Filesystem Enabled
[    0.337077] pnp: PnP ACPI init
[    0.338966] pnp: PnP ACPI: found 3 devices
[    0.345378] clocksource: acpi_pm: mask: 0xffffff max_cycles: 0xffffff, max_idle_ns: 2085701024 ns
[    0.347717] NET: Registered protocol family 2
[    0.349140] IP idents hash table entries: 8192 (order: 4, 65536 bytes)
[    0.351208] TCP established hash table entries: 4096 (order: 3, 32768 bytes)
[    0.352743] TCP bind hash table entries: 4096 (order: 4, 65536 bytes)
[    0.354109] TCP: Hash tables configured (established 4096 bind 4096)
[    0.355437] UDP hash table entries: 256 (order: 1, 8192 bytes)
[    0.356959] UDP-Lite hash table entries: 256 (order: 1, 8192 bytes)
[    0.358342] NET: Registered protocol family 1
[    0.359354] pci 0000:00:00.0: Limiting direct PCI/PCI transfers
[    0.360620] pci 0000:00:01.0: Activating ISA DMA hang workarounds
[    0.361926] pci 0000:00:02.0: Video device with shadowed ROM at [mem 0x000c0000-0x000dffff]
[    0.363819] Unpacking initramfs...
[    0.759904] Freeing initrd memory: 19528K
[    0.761524] clocksource: tsc: mask: 0xffffffffffffffff max_cycles: 0x22983777dd9, max_idle_ns: 440795300422 ns
[    0.764614] platform rtc_cmos: registered platform RTC device (no PNP device found)
[    0.766458] Scanning for low memory corruption every 60 seconds
[    0.768357] Initialise system trusted keyrings
[    0.769938] Key type blacklist registered
[    0.770862] workingset: timestamp_bits=36 max_order=17 bucket_order=0
[    0.773174] zbud: loaded
[    0.774298] squashfs: version 4.0 (2009/01/31) Phillip Lougher
[    0.775690] fuse init (API version 7.26)
[    0.777453] Key type asymmetric registered
[    0.778476] Asymmetric key parser 'x509' registered
[    0.779518] Block layer SCSI generic (bsg) driver version 0.4 loaded (major 246)
[    0.781170] io scheduler noop registered
[    0.782171] io scheduler deadline registered
[    0.783176] io scheduler cfq registered (default)
[    0.784450] ACPI: AC Adapter [AC] (on-line)
[    0.785432] input: Power Button as /devices/LNXSYSTM:00/LNXPWRBN:00/input/input0
[    0.787098] ACPI: Power Button [PWRF]
[    0.788090] input: Sleep Button as /devices/LNXSYSTM:00/LNXSLPBN:00/input/input1
[    0.789779] ACPI: Sleep Button [SLPF]
[    0.791465] ACPI: Battery Slot [BAT0] (battery present)
[    0.792820] Serial: 8250/16550 driver, 32 ports, IRQ sharing enabled
[    0.815112] 00:02: ttyS0 at I/O 0x3f8 (irq = 4, base_baud = 115200) is a 16550A
[    0.818258] Linux agpgart interface v0.103
[    0.820289] loop: module loaded
[    0.821917] scsi host0: ata_piix
[    0.823005] scsi host1: ata_piix
[    0.824018] ata1: PATA max UDMA/33 cmd 0x1f0 ctl 0x3f6 bmdma 0xd000 irq 14
[    0.825370] ata2: PATA max UDMA/33 cmd 0x170 ctl 0x376 bmdma 0xd008 irq 15
[    0.827381] tun: Universal TUN/TAP device driver, 1.6
[    0.828507] PPP generic driver version 2.4.2
[    0.829580] ehci_hcd: USB 2.0 'Enhanced' Host Controller (EHCI) Driver
[    0.831051] ehci-pci: EHCI PCI platform driver
[    0.831931] ehci-platform: EHCI generic platform driver
[    0.833039] ohci_hcd: USB 1.1 'Open' Host Controller (OHCI) Driver
[    0.834417] ohci-pci: OHCI PCI platform driver
[    0.835443] ohci-platform: OHCI generic platform driver
[    0.836741] uhci_hcd: USB Universal Host Controller Interface driver
[    0.838062] i8042: PNP: PS/2 Controller [PNP0303:PS2K,PNP0f03:PS2M] at 0x60,0x64 irq 1,12
[    0.840390] serio: i8042 KBD port at 0x60,0x64 irq 1
[    0.841536] serio: i8042 AUX port at 0x60,0x64 irq 12
[    0.842775] mousedev: PS/2 mouse device common for all mice
[    0.844687] input: AT Translated Set 2 keyboard as /devices/platform/i8042/serio0/input/input2
[    0.847039] rtc_cmos rtc_cmos: rtc core: registered rtc_cmos as rtc0
[    0.848450] rtc_cmos rtc_cmos: alarms up to one day, 114 bytes nvram
[    0.849859] i2c /dev entries driver
[    0.850989] device-mapper: uevent: version 1.0.3
[    0.852621] device-mapper: ioctl: 4.37.0-ioctl (2017-09-20) initialised: dm-devel@redhat.com
[    0.854435] ledtrig-cpu: registered to indicate activity on CPUs
[    0.855788] intel_pmc_core:  initialized
[    0.857008] NET: Registered protocol family 10
[    0.861430] Segment Routing with IPv6
[    0.862335] NET: Registered protocol family 17
[    0.863425] Key type dns_resolver registered
[    0.864532] mce: Using 0 MCE banks
[    0.865521] RAS: Correctable Errors collector initialized.
[    0.866790] sched_clock: Marking stable (864394071, 0)->(1046432362, -182038291)
[    0.868681] registered taskstats version 1
[    0.869714] Loading compiled-in X.509 certificates
[    0.872914] Loaded X.509 cert 'Build time autogenerated kernel key: b5b26778eaa3ab3a4a6cee031137706e947d12ad'
[    0.875834] Loaded X.509 cert 'Canonical Ltd. Live Patch Signing: 14df34d1a87cf37625abec039ef2bf521249b969'
[    0.878668] Loaded X.509 cert 'Canonical Ltd. Kernel Module Signing: 88f752e560a1e0737e31163a466ad7b70a850c19'
[    0.880900] blacklist: Loading compiled-in revocation X.509 certificates
[    0.882407] Loaded X.509 cert 'Canonical Ltd. Secure Boot Signing: 61482aa2830d0ab2ad5af10b7250da9033ddcef0'
[    0.884589] Loaded X.509 cert 'Canonical Ltd. Secure Boot Signing (2017): 242ade75ac4a15e50d50c84b0d45ff3eae707a03'
[    0.887040] Loaded X.509 cert 'Canonical Ltd. Secure Boot Signing (ESM 2018): 365188c1d374d6b07c3c8f240f8ef722433d6a8b'
[    0.889399] Loaded X.509 cert 'Canonical Ltd. Secure Boot Signing (2019): c0746fd6c5da3ae827864651ad66ae47fe24b3e8'
[    0.891737] Loaded X.509 cert 'Canonical Ltd. Secure Boot Signing (2021 v1): a8d54bbb3825cfb94fa13c9f8a594a195c107b8d'
[    0.894163] Loaded X.509 cert 'Canonical Ltd. Secure Boot Signing (2021 v2): 4cf046892d6fd3c9a5b03f98d845f90851dc6a8c'
[    0.897102] Loaded X.509 cert 'Canonical Ltd. Secure Boot Signing (2021 v3): 100437bb6de6e469b581e61cd66bce3ef4ed53af'
[    0.899413] Loaded X.509 cert 'Canonical Ltd. Secure Boot Signing (Ubuntu Core 2019): c1d57b8f6b743f23ee41f4f7ee292f06eecadfb9'
[    0.901927] zswap: loaded using pool lzo/zbud
[    0.906363] Key type big_key registered
[    0.907568] Key type trusted registered
[    0.910124] Key type encrypted registered
[    0.911252] AppArmor: AppArmor sha1 policy hashing enabled
[    0.912906] ima: No TPM chip found, activating TPM-bypass! (rc=-19)
[    0.914763] ima: Allocated hash algorithm: sha1
[    0.915758] evm: HMAC attrs: 0x1
[    0.916894]   Magic number: 0:956:914
[    0.917658]   hash matches /build/linux-Oi1dQn/linux-4.15.0/drivers/base/power/main.c:1559
[    0.919567] rtc_cmos rtc_cmos: setting system clock to 2024-11-11 02:56:02 UTC (1731293762)
[    0.922122] BIOS EDD facility v0.16 2004-Jun-25, 0 devices found
[    0.923799] EDD information not available.
[    1.010612] Freeing unused kernel image memory: 2480K
[    1.020299] Write protecting the kernel read-only data: 20480k
[    1.022343] Freeing unused kernel image memory: 2008K
[    1.023828] Freeing unused kernel image memory: 1820K
[    1.031493] x86/mm: Checked W+X mappings: passed, no W+X pages found.
[    1.032958] x86/mm: Checking user space page tables
[    1.040330] x86/mm: Checked W+X mappings: passed, no W+X pages found.
Loading, please wait...
starting version 237
[    1.163239] Fusion MPT base driver 3.04.20
[    1.164214] Copyright (c) 1999-2008 LSI Corporation
[    1.167114] e1000: Intel(R) PRO/1000 Network Driver - version 7.3.21-k8-NAPI
[    1.168834] e1000: Copyright (c) 1999-2006 Intel Corporation.
[    1.201209] Fusion MPT SPI Host driver 3.04.20
[    1.215361] AVX2 version of gcm_enc/dec engaged.
[    1.216430] AES CTR mode by8 optimization enabled
[    1.385908] input: ImExPS/2 Generic Explorer Mouse as /devices/platform/i8042/serio1/input/input4
[    1.600764] e1000 0000:00:03.0 eth0: (PCI:33MHz:32-bit) 02:3b:7b:b7:3b:2d
[    1.603249] e1000 0000:00:03.0 eth0: Intel(R) PRO/1000 Network Connection
[    1.606025] mptbase: ioc0: Initiating bringup
[    1.700573] ioc0: LSI53C1030 A0: Capabilities={Initiator}
[    1.941248] scsi host2: ioc0: LSI53C1030 A0, FwRev=00000000h, Ports=1, MaxQ=256, IRQ=20
[    2.109085] scsi 2:0:0:0: Direct-Access     VBOX     HARDDISK         1.0  PQ: 0 ANSI: 5
[    2.111879] scsi target2:0:0: Beginning Domain Validation
[    2.115341] scsi target2:0:0: Domain Validation skipping write tests
[    2.116707] scsi target2:0:0: Ending Domain Validation
[    2.117851] scsi target2:0:0: asynchronous
[    2.119059] scsi 2:0:1:0: Direct-Access     VBOX     HARDDISK         1.0  PQ: 0 ANSI: 5
[    2.121287] scsi target2:0:1: Beginning Domain Validation
[    2.125389] scsi target2:0:1: Domain Validation skipping write tests
[    2.126704] scsi target2:0:1: Ending Domain Validation
[    2.127992] scsi target2:0:1: asynchronous
[    2.134216] sd 2:0:0:0: [sda] 83886080 512-byte logical blocks: (42.9 GB/40.0 GiB)
[    2.136216] sd 2:0:0:0: [sda] Write Protect is off
[    2.137254] sd 2:0:0:0: Attached scsi generic sg0 type 0
[    2.138607] sd 2:0:0:0: [sda] Incomplete mode parameter data
[    2.139862] sd 2:0:0:0: [sda] Assuming drive cache: write through
[    2.142009] sd 2:0:1:0: [sdb] 20480 512-byte logical blocks: (10.5 MB/10.0 MiB)
[    2.143656] sd 2:0:1:0: [sdb] Write Protect is off
[    2.144985] sd 2:0:1:0: [sdb] Incomplete mode parameter data
[    2.146240] sd 2:0:1:0: [sdb] Assuming drive cache: write through
[    2.147530] sd 2:0:1:0: Attached scsi generic sg1 type 0
[    2.274585]  sda: sda1
[    2.285967] sd 2:0:0:0: [sda] Attached SCSI disk
[    2.505398] e1000 0000:00:08.0 eth1: (PCI:33MHz:32-bit) 08:00:27:44:c3:b8
[    2.507199] e1000 0000:00:08.0 eth1: Intel(R) PRO/1000 Network Connection
[    2.520813] sd 2:0:1:0: [sdb] Attached SCSI disk
[    2.523109] e1000 0000:00:03.0 enp0s3: renamed from eth0
[    2.529948] e1000 0000:00:08.0 enp0s8: renamed from eth1
Begin: Loading essential drivers ... [    5.252138] raid6: sse2x1   gen()  9016 MB/s
[    5.300035] raid6: sse2x1   xor()  6692 MB/s
[    5.348040] raid6: sse2x2   gen() 11125 MB/s
[    5.396050] raid6: sse2x2   xor()  7432 MB/s
[    5.444055] raid6: sse2x4   gen() 12528 MB/s
[    5.492070] raid6: sse2x4   xor()  6614 MB/s
[    5.540041] raid6: avx2x1   gen() 12484 MB/s
[    5.588050] raid6: avx2x1   xor()  9691 MB/s
[    5.636027] raid6: avx2x2   gen() 22220 MB/s
[    5.684049] raid6: avx2x2   xor() 14041 MB/s
[    5.732049] raid6: avx2x4   gen() 25205 MB/s
[    5.780712] raid6: avx2x4   xor() 15537 MB/s
[    5.781672] raid6: using algorithm avx2x4 gen() 25205 MB/s
[    5.782811] raid6: .... xor() 15537 MB/s, rmw enabled
[    5.783864] raid6: using avx2x2 recovery algorithm
[    5.786733] xor: automatically using best checksumming function   avx       
[    5.790074] async_tx: api initialized (async)
done.
Begin: Running /scripts/init-premount ... done.
Begin: Mounting root file system ... Begin: Running /scripts/local-top ... done.
Begin: Running /scripts/local-premount ... [    5.849953] Btrfs loaded, crc32c=crc32c-intel
Scanning for Btrfs filesystems
done.
Warning: fsck not present, so skipping root file system
[    6.019015] EXT4-fs (sda1): mounted filesystem with ordered data mode. Opts: (null)
done.
Begin: Running /scripts/local-bottom ... done.
Begin: Running /scripts/init-bottom ... done.
[    7.393828] ip_tables: (C) 2000-2006 Netfilter Core Team
[    7.506232] systemd[1]: systemd 237 running in system mode. (+PAM +AUDIT +SELINUX +IMA +APPARMOR +SMACK +SYSVINIT +UTMP +LIBCRYPTSETUP +GCRYPT +GNUTLS +ACL +XZ +LZ4 +SECCOMP +BLKID +ELFUTILS +KMOD -IDN2 +IDN -PCRE2 default-hierarchy=hybrid)
[    7.511863] systemd[1]: Detected virtualization oracle.
[    7.513034] systemd[1]: Detected architecture x86-64.

Welcome to [1mUbuntu 18.04.6 LTS[0m!

[    7.604013] systemd[1]: Set hostname to <ubuntu>.
[    7.652563] systemd[1]: Initializing machine ID from random generator.
[    7.654445] systemd[1]: Installed transient /etc/machine-id file.
[    9.334088] systemd[1]: Reached target System Time Synchronized.
[[0;32m  OK  [0m] Reached target System Time Synchronized.
[    9.336946] systemd[1]: Created slice User and Session Slice.
[[0;32m  OK  [0m] Created slice User and Session Slice.
[    9.348270] systemd[1]: Reached target User and Group Name Lookups.
[[0;32m  OK  [0m] Reached target User and Group Name Lookups.
[    9.360566] systemd[1]: Reached target Mounting snaps.
[[0;32m  OK  [0m] Reached target Mounting snaps.
[[0;32m  OK  [0m] Reached target Swap.
[[0;32m  OK  [0m] Created slice System Slice.
[[0;32m  OK  [0m] Listening on Network Service Netlink Socket.
[[0;32m  OK  [0m] Reached target Slices.
[[0;32m  OK  [0m] Listening on Journal Socket.
         Mounting POSIX Message Queue File System...
         Mounting Kernel Debug File System...
[[0;32m  OK  [0m] Listening on Journal Socket (/dev/log).
         Starting Set the console keyboard layout...
         Starting Uncomplicated firewall...
[[0;32m  OK  [0m] Listening on /dev/initctl Compatibility Named Pipe.
[[0;32m  OK  [0m] Listening on udev Control Socket.
[[0;32m  OK  [0m] Listening on fsck to fsckd communication Socket.
         Starting File System Check on Root Device...
         Mounting Huge Pages File System...
[[0;32m  OK  [0m] Listening on LVM2 metadata daemon socket.
[[0;32m  OK  [0m] Started Forward Password Requests to Wall Directory Watch.
[[0;32m  OK  [0m] Listening on udev Kernel Socket.
[[0;32m  OK  [0m] Listening on Device-mapper event daemon FIFOs.
         Starting Monitoring of LVM2 mirrors…ng dmeventd or progress polling...
         Starting Load Kernel Modules...
[[0;32m  OK  [0m] Reached target Mounted snaps.
[[0;32m  OK  [0m] Listening on Syslog Socket.
         Starting Create list of required st…ce nodes for the current kernel...
         Starting udev Coldplug all Devices...
[[0;32m  OK  [0m] Set up automount Arbitrary Executab…rmats File System Automount Point.
[[0;32m  OK  [0m] Listening on LVM2 poll daemon socket.
[[0;32m  OK  [0m] Listening on Journal Audit Socket.
         Starting Journal Service...
[[0;32m  OK  [0m] Created slice system-serial\x2dgetty.slice.
[[0;32m  OK  [0m] Mounted POSIX Message Queue File System.
[[0;32m  OK  [0m] Mounted Kernel Debug File System.
[[0;32m  OK  [0m] Started Uncomplicated firewall.
[[0;32m  OK  [0m] Mounted Huge Pages File System.
[[0;32m  OK  [0m] Started Create list of required sta…vice nodes for the current kernel.
[[0;32m  OK  [0m] Started File System Check Daemon to report status.
         Starting Create Static Device Nodes in /dev...
[   10.121822] Loading iSCSI transport class v2.0-870.
[[0;32m  OK  [0m] Started udev Coldplug all Devices.
[[0;32m  OK  [0m] Started Journal Service.
[[0;32m  OK  [0m] Started File System Check on Root Device.
         Starting Remount Root and Kernel File Systems...
[   10.527903] iscsi: registered transport (tcp)
[   10.643915] EXT4-fs (sda1): re-mounted. Opts: (null)
[[0;32m  OK  [0m] Started Remount Root and Kernel File Systems.
[   10.828943] iscsi: registered transport (iser)
         Starting Flush Journal to Persistent Storage...
         Starting Load/Save Random Seed...
[[0;32m  OK  [0m] Started Load Kernel Modules.
[[0;32m  OK  [0m] Started LVM2 metadata daemon.
         Mounting Kernel Configuration File System...
         Mounting FUSE Control File System...
         Starting Apply Kernel Variables...
[[0;32m  OK  [0m] Mounted Kernel Configuration File System.
[[0;32m  OK  [0m] Mounted FUSE Control File System.
[   10.941343] systemd-journald[407]: Received request to flush runtime journal from PID 1
[[0;32m  OK  [0m] Started Load/Save Random Seed.
[[0;32m  OK  [0m] Started Create Static Device Nodes in /dev.
         Starting udev Kernel Device Manager...
[[0;32m  OK  [0m] Started Monitoring of LVM2 mirrors,…sing dmeventd or progress polling.
[[0;32m  OK  [0m] Started Apply Kernel Variables.
[[0;32m  OK  [0m] Started Flush Journal to Persistent Storage.
[[0;32m  OK  [0m] Started udev Kernel Device Manager.
[[0;32m  OK  [0m] Found device /dev/ttyS0.
[[0;32m  OK  [0m] Listening on Load/Save RF Kill Switch Status /dev/rfkill Watch.
[[0;32m  OK  [0m] Started Set the console keyboard layout.
[[0;32m  OK  [0m] Started Dispatch Password Requests to Console Directory Watch.
[[0;32m  OK  [0m] Reached target Local Encrypted Volumes.
[[0;32m  OK  [0m] Reached target Local File Systems (Pre).
[[0;32m  OK  [0m] Reached target Local File Systems.
         Starting Tell Plymouth To Write Out Runtime Data...
         Starting ebtables ruleset management...
         Starting Commit a transient machine-id on disk...
         Starting Set console font and keymap...
         Starting Create Volatile Files and Directories...
         Starting AppArmor initialization...
         Mounting Arbitrary Executable File Formats File System...
[[0;32m  OK  [0m] Started Tell Plymouth To Write Out Runtime Data.
[[0;32m  OK  [0m] Mounted Arbitrary Executable File Formats File System.
[[0;32m  OK  [0m] Started Commit a transient machine-id on disk.
[[0;32m  OK  [0m] Started Create Volatile Files and Directories.
         Starting Update UTMP about System Boot/Shutdown...
[[0;32m  OK  [0m] Started Update UTMP about System Boot/Shutdown.
[[0;32m  OK  [0m] Started ebtables ruleset management.
[[0;32m  OK  [0m] Started Set console font and keymap.
[[0;32m  OK  [0m] Started AppArmor initialization.
         Starting Initial cloud-init job (pre-networking)...
         Starting Load AppArmor profiles managed internally by snapd...
[[0;32m  OK  [0m] Started Load AppArmor profiles managed internally by snapd.
[   26.697528] cloud-init[782]: Cloud-init v. 23.1.2-0ubuntu0~18.04.1 running 'init-local' at Mon, 11 Nov 2024 02:56:27 +0000. Up 25.72 seconds.
[[0;32m  OK  [0m] Started Initial cloud-init job (pre-networking).
[[0;32m  OK  [0m] Reached target Network (Pre).
         Starting Network Service...
[[0;32m  OK  [0m] Started Network Service.
         Starting Network Name Resolution...
         Starting Wait for Network to be Configured...
[[0;32m  OK  [0m] Started Network Name Resolution.
[[0;32m  OK  [0m] Reached target Host and Network Name Lookups.
[[0;32m  OK  [0m] Reached target Network.
[[0;32m  OK  [0m] Started Wait for Network to be Configured.
         Starting Initial cloud-init job (metadata service crawler)...
[   29.407486] cloud-init[912]: Cloud-init v. 23.1.2-0ubuntu0~18.04.1 running 'init' at Mon, 11 Nov 2024 02:56:30 +0000. Up 29.15 seconds.
[   29.408868] cloud-init[912]: ci-info: ++++++++++++++++++++++++++++++++++++++Net device info+++++++++++++++++++++++++++++++++++++++
[   29.411094] cloud-init[912]: ci-info: +--------+-------+----------------------------+---------------+--------+-------------------+
[   29.414796] cloud-init[912]: ci-info: | Device |   Up  |          Address           |      Mask     | Scope  |     Hw-Address    |
[   29.416228] cloud-init[912]: ci-info: +--------+-------+----------------------------+---------------+--------+-------------------+
[   29.418758] cloud-init[912]: ci-info: | enp0s3 |  True |         10.0.2.15          | 255.255.255.0 | global | 02:3b:7b:b7:3b:2d |
[   29.420787] cloud-init[912]: ci-info: | enp0s3 |  True | fe80::3b:7bff:feb7:3b2d/64 |       .       |  link  | 02:3b:7b:b7:3b:2d |
[   29.422663] cloud-init[912]: ci-info: | enp0s8 | False |             .              |       .       |   .    | 08:00:27:44:c3:b8 |
[   29.424577] cloud-init[912]: ci-info: |   lo   |  True |         127.0.0.1          |   255.0.0.0   |  host  |         .         |
[   29.426336] cloud-init[912]: ci-info: |   lo   |  True |          ::1/128           |       .       |  host  |         .         |
[   29.428264] cloud-init[912]: ci-info: +--------+-------+----------------------------+---------------+--------+-------------------+
[   29.430161] cloud-init[912]: ci-info: ++++++++++++++++++++++++++++Route IPv4 info+++++++++++++++++++++++++++++
[   29.431776] cloud-init[912]: ci-info: +-------+-------------+----------+-----------------+-----------+-------+
[   29.436074] cloud-init[912]: ci-info: | Route | Destination | Gateway  |     Genmask     | Interface | Flags |
[   29.437404] cloud-init[912]: ci-info: +-------+-------------+----------+-----------------+-----------+-------+
[   29.438959] cloud-init[912]: ci-info: |   0   |   0.0.0.0   | 10.0.2.2 |     0.0.0.0     |   enp0s3  |   UG  |
[   29.440614] cloud-init[912]: ci-info: |   1   |   10.0.2.0  | 0.0.0.0  |  255.255.255.0  |   enp0s3  |   U   |
[   29.442297] cloud-init[912]: ci-info: |   2   |   10.0.2.2  | 0.0.0.0  | 255.255.255.255 |   enp0s3  |   UH  |
[   29.444236] cloud-init[912]: ci-info: +-------+-------------+----------+-----------------+-----------+-------+
[   29.446255] cloud-init[912]: ci-info: +++++++++++++++++++Route IPv6 info+++++++++++++++++++
[   29.448011] cloud-init[912]: ci-info: +-------+-------------+---------+-----------+-------+
[   29.449528] cloud-init[912]: ci-info: | Route | Destination | Gateway | Interface | Flags |
[   29.450924] cloud-init[912]: ci-info: +-------+-------------+---------+-----------+-------+
[   29.452445] cloud-init[912]: ci-info: |   1   |  fe80::/64  |    ::   |   enp0s3  |   U   |
[   29.453870] cloud-init[912]: ci-info: |   3   |    local    |    ::   |   enp0s3  |   U   |
[   29.455321] cloud-init[912]: ci-info: |   4   |   ff00::/8  |    ::   |   enp0s3  |   U   |
[   29.456776] cloud-init[912]: ci-info: +-------+-------------+---------+-----------+-------+
[   32.973513] cloud-init[912]: Generating public/private rsa key pair.
[   32.975130] cloud-init[912]: Your identification has been saved in /etc/ssh/ssh_host_rsa_key.
[   32.976776] cloud-init[912]: Your public key has been saved in /etc/ssh/ssh_host_rsa_key.pub.
[   32.980292] cloud-init[912]: The key fingerprint is:
[   32.984298] cloud-init[912]: SHA256:R/J/9p6eBPkC4LkiVHx26psg8TiZvbyDBHjcfaub3lk root@ubuntu-bionic
[   32.986246] cloud-init[912]: The key's randomart image is:
[   32.992225] cloud-init[912]: +---[RSA 2048]----+
[   32.993545] cloud-init[912]: |                 |
[   32.994651] cloud-init[912]: |      .          |
[   33.000210] cloud-init[912]: |  o . .o.+..     |
[   33.001668] cloud-init[912]: | . + ...+==   .  |
[   33.002914] cloud-init[912]: |  . .o  S++. o   |
[   33.008252] cloud-init[912]: |    ..B .o... o  |
[   33.009787] cloud-init[912]: |    .B.=.o E..oo |
[   33.011047] cloud-init[912]: |     .=o* =  oo.o|
[   33.012331] cloud-init[912]: |      .B+=    .=o|
[   33.016222] cloud-init[912]: +----[SHA256]-----+
[   33.017350] cloud-init[912]: Generating public/private dsa key pair.
[   33.020214] cloud-init[912]: Your identification has been saved in /etc/ssh/ssh_host_dsa_key.
[   33.024265] cloud-init[912]: Your public key has been saved in /etc/ssh/ssh_host_dsa_key.pub.
[   33.028580] cloud-init[912]: The key fingerprint is:
[   33.030107] cloud-init[912]: SHA256:yIm16Z80yKvjN614jdgJoR0jlRY86nKdUiGQaE8z+ks root@ubuntu-bionic
[   33.036413] cloud-init[912]: The key's randomart image is:
[   33.037825] cloud-init[912]: +---[DSA 1024]----+
[   33.038988] cloud-init[912]: |oo ..o           |
[   33.044177] cloud-init[912]: |o..+B            |
[   33.045166] cloud-init[912]: |. +=oo.          |
[   33.046383] cloud-init[912]: | .o.=+ =         |
[   33.047515] cloud-init[912]: | ..*.=* S        |
[   33.052566] cloud-init[912]: |. =E=o .         |
[   33.053633] cloud-init[912]: | o...++=o        |
[   33.054673] cloud-init[912]: |   .o.B+oo       |
[   33.055705] cloud-init[912]: |   .+=ooo        |
[   33.060756] cloud-init[912]: +----[SHA256]-----+
[   33.061815] cloud-init[912]: Generating public/private ecdsa key pair.
[   33.063242] cloud-init[912]: Your identification has been saved in /etc/ssh/ssh_host_ecdsa_key.
[   33.070511] cloud-init[912]: Your public key has been saved in /etc/ssh/ssh_host_ecdsa_key.pub.
[   33.073064] cloud-init[912]: The key fingerprint is:
[   33.076209] cloud-init[912]: SHA256:u7kZkFxS0OsG2tlpU1YaJl73clByMbe9jiCgPSmJVlw root@ubuntu-bionic
[   33.084355] cloud-init[912]: The key's randomart image is:
[   33.086318] cloud-init[912]: +---[ECDSA 256]---+
[   33.092249] cloud-init[912]: |      .E.   ..=..|
[   33.093428] cloud-init[912]: |    . ..o + +o oo|
[   33.094596] cloud-init[912]: |     o.o.= = o ..|
[   33.100259] cloud-init[912]: |    o.=+= + . o .|
[   33.102176] cloud-init[912]: |   o *+OS= . o . |
[   33.103668] cloud-init[912]: |  . . +.O.. . o  |
[   33.109637] cloud-init[912]: |       oo.   . . |
[   33.110982] cloud-init[912]: |         =       |
[   33.116388] cloud-init[912]: |        =.       |
[   33.117552] cloud-init[912]: +----[SHA256]-----+
[   33.118613] cloud-init[912]: Generating public/private ed25519 key pair.
[   33.124194] cloud-init[912]: Your identification has been saved in /etc/ssh/ssh_host_ed25519_key.
[   33.125947] cloud-init[912]: Your public key has been saved in /etc/ssh/ssh_host_ed25519_key.pub.
[   33.132949] cloud-init[912]: The key fingerprint is:
[   33.135060] cloud-init[912]: SHA256:8GY4Qv6lBlzL4NxBUPyA+k2IhsLWe8MHcrGW1s01MQw root@ubuntu-bionic
[   33.142594] cloud-init[912]: The key's randomart image is:
[   33.148251] cloud-init[912]: +--[ED25519 256]--+
[   33.149332] cloud-init[912]: |    .=o  Eoo.    |
[   33.150531] cloud-init[912]: |    .oo    +.    |
[   33.151642] cloud-init[912]: |...oo.Ooo . .    |
[   33.156783] cloud-init[912]: |oo+O.%.B.o       |
[[0;32m  OK  [0m] Started Initial cloud-init job (metadata service crawler).
[[0;32m  OK  [0m] Reached target Cloud-config availability.
[   33.163018] cloud-init[912]: |o. .#oB S        |
[[0;32m  OK  [0m] Reached target System Initialization.
[   33.165384] cloud-init[912]: |   ..B.B         |
[[0;32m  OK  [0m] Listening on cloud-init hotplug hook socket.
[   33.167750] cloud-init[912]: |    . *          |
[[0;32m  OK  [0m] Listening on UUID daemon activation socket.
[   33.170845] cloud-init[912]: |     .           |
[[0;32m  OK  [0m] Started Discard unused blocks once a week.
[[0;32m  OK  [0m] Started Ubuntu Advantage Timer for running repeated jobs.
[[0;32m  OK  [0m] Started Daily Cleanup of Temporary Directories.
[   33.180421] cloud-init[912]: |                 |
[   33.181862] cloud-init[912]: +----[SHA256]-----+
[[0;32m  OK  [0m] Started Daily apt download activities.
[[0;32m  OK  [0m] Started Daily apt upgrade and clean activities.
[[0;32m  OK  [0m] Started Message of the Day.
[[0;32m  OK  [0m] Reached target Timers.
         Starting LXD - unix socket.
[[0;32m  OK  [0m] Listening on ACPID Listen Socket.
[[0;32m  OK  [0m] Started ACPI Events Check.
[[0;32m  OK  [0m] Reached target Paths.
[[0;32m  OK  [0m] Listening on D-Bus System Message Bus Socket.
[[0;32m  OK  [0m] Listening on Open-iSCSI iscsid Socket.
         Starting Socket activation for snappy daemon.
[[0;32m  OK  [0m] Reached target Network is Online.
         Starting Availability of block devices...
[[0;32m  OK  [0m] Reached target Remote File Systems (Pre).
[[0;32m  OK  [0m] Reached target Remote File Systems.
[[0;32m  OK  [0m] Listening on LXD - unix socket.
[[0;32m  OK  [0m] Listening on Socket activation for snappy daemon.
[[0;32m  OK  [0m] Reached target Sockets.
[[0;32m  OK  [0m] Reached target Basic System.
[[0;32m  OK  [0m] Started D-Bus System Message Bus.
         Starting Dispatcher daemon for systemd-networkd...
[[0;32m  OK  [0m] Started Deferred execution scheduler.
         Starting System Logging Service...
         Starting LSB: automatic crash report generation...
[[0;32m  OK  [0m] Reached target Login Prompts (Pre).
         Starting Pollinate to seed the pseudo random number generator...
[[0;32m  OK  [0m] Started irqbalance daemon.
[[0;32m  OK  [0m] Started Regular background program processing daemon.
[[0;32m  OK  [0m] Started FUSE filesystem for LXC.
         Starting Accounts Service...
         Starting Login Service...
         Starting Virtualbox guest utils...
         Starting Snap Daemon...
         Starting Permit User Sessions...
         Starting LSB: Record successful boot for GRUB...
         Starting LXD - container startup/shutdown...
[[0;32m  OK  [0m] Started System Logging Service.
[[0;32m  OK  [0m] Started Availability of block devices.
[[0;32m  OK  [0m] Started Permit User Sessions.
         Starting Hold until boot process finishes up...
         Starting Terminate Plymouth Boot Screen...
[[0;32m  OK  [0m] Started Hold until boot process finishes up.
[[0;32m  OK  [0m] Started Serial Getty on ttyS0.
         Starting Set console scheme...
[[0;32m  OK  [0m] Started Terminate Plymouth Boot Screen.
[[0;32m  OK  [0m] Started LSB: automatic crash report generation.
[[0;32m  OK  [0m] Started Login Service.
[[0;32m  OK  [0m] Started Unattended Upgrades Shutdown.
[[0;32m  OK  [0m] Started Set console scheme.
[[0;32m  OK  [0m] Created slice system-getty.slice.
[[0;32m  OK  [0m] Started Getty on tty1.
[[0;32m  OK  [0m] Reached target Login Prompts.
[[0;32m  OK  [0m] Started LSB: Record successful boot for GRUB.
         Starting Authorization Manager...
[[0;32m  OK  [0m] Started Virtualbox guest utils.
[[0;32m  OK  [0m] Started Authorization Manager.
[[0;32m  OK  [0m] Started Accounts Service.
[[0;32m  OK  [0m] Started Dispatcher daemon for systemd-networkd.

Ubuntu 18.04.6 LTS ubuntu-bionic ttyS0

ubuntu-bionic login: [   62.055847] cloud-init[1639]: Cloud-init v. 23.1.2-0ubuntu0~18.04.1 running 'modules:config' at Mon, 11 Nov 2024 02:56:48 +0000. Up 46.72 seconds.
ci-info: no authorized SSH keys fingerprints found for user ubuntu.
<14>Nov 11 02:57:05 cloud-init: #############################################################
<14>Nov 11 02:57:05 cloud-init: -----BEGIN SSH HOST KEY FINGERPRINTS-----
<14>Nov 11 02:57:05 cloud-init: 1024 SHA256:yIm16Z80yKvjN614jdgJoR0jlRY86nKdUiGQaE8z+ks root@ubuntu-bionic (DSA)
<14>Nov 11 02:57:05 cloud-init: 256 SHA256:u7kZkFxS0OsG2tlpU1YaJl73clByMbe9jiCgPSmJVlw root@ubuntu-bionic (ECDSA)
<14>Nov 11 02:57:05 cloud-init: 256 SHA256:8GY4Qv6lBlzL4NxBUPyA+k2IhsLWe8MHcrGW1s01MQw root@ubuntu-bionic (ED25519)
<14>Nov 11 02:57:05 cloud-init: 2048 SHA256:R/J/9p6eBPkC4LkiVHx26psg8TiZvbyDBHjcfaub3lk root@ubuntu-bionic (RSA)
<14>Nov 11 02:57:05 cloud-init: -----END SSH HOST KEY FINGERPRINTS-----
<14>Nov 11 02:57:05 cloud-init: #############################################################
-----BEGIN SSH HOST KEY KEYS-----
ecdsa-sha2-nistp256 AAAAE2VjZHNhLXNoYTItbmlzdHAyNTYAAAAIbmlzdHAyNTYAAABBBAY5wG0x8EIrqw6vHCFKUV0t3w21Mams/NZ01M6aZBSHahqU9fZwKbaWU7mOrfXDKrSJ/ByJCOf1hpBYXrckaJY= root@ubuntu-bionic
ssh-ed25519 AAAAC3NzaC1lZDI1NTE5AAAAIHGLYNskDOVfPcOkrBoxBJufrNtWcYoWc/J51k/EEa/3 root@ubuntu-bionic
ssh-rsa AAAAB3NzaC1yc2EAAAADAQABAAABAQDCxEnAPcBAmcaeXX3umQoDHyIoCy/YI5fLgavqizTuG9f5oS5Kuv4xQKw7d3d79HhjDa0IX+qVbcafukBljsZQfimUXc//ffhcCTanDbpJ1P8D6EAJ8INmL8EBzarpyKCX1c1tTQXcrVuWtgWvQxfil4JwDVKOQwpWZWLtgZJkkwZBKl+Uao83z+NxTLAbeGReY1hqxLGbO4INIJKqyuZdMfoMYqytxqP9lJQ4X5Tkt/3Soy34OfM3DuzLy2y/Oat9IR76CjoXZC7c31UUs3as+kRHUShP/SVmXbWH9LhqSYHkNDz8ZRVdTNfjGN7Kna8lVshGqIKPkhem0QSLSAkT root@ubuntu-bionic
-----END SSH HOST KEY KEYS-----
[   64.197802] cloud-init[2018]: Cloud-init v. 23.1.2-0ubuntu0~18.04.1 running 'modules:final' at Mon, 11 Nov 2024 02:57:04 +0000. Up 63.26 seconds.
[   64.201391] cloud-init[2018]: Cloud-init v. 23.1.2-0ubuntu0~18.04.1 finished at Mon, 11 Nov 2024 02:57:05 +0000. Datasource DataSourceNoCloud [seed=/dev/sdb][dsmode=net].  Up 64.15 seconds
